<?xml version="1.0" encoding="UTF-8"?>
<Site BuildName="(empty)"
	BuildStamp="20240405-1231-Experimental"
	Name="(empty)"
	Generator="ctest-3.22.1"
	CompilerName=""
	CompilerVersion=""
	OSName="Linux"
	Hostname="dgk-virtual-machine"
	OSRelease="6.5.0-26-generic"
	OSVersion="#26~22.04.1-Ubuntu SMP PREEMPT_DYNAMIC Tue Mar 12 10:22:43 UTC 2"
	OSPlatform="x86_64"
	Is64Bits="1"
	VendorString="AuthenticAMD"
	VendorID="Advanced Micro Devices"
	FamilyID="25"
	ModelID="80"
	ProcessorCacheSize="512"
	NumberOfLogicalCPU="8"
	NumberOfPhysicalCPU="8"
	TotalVirtualMemory="2047"
	TotalPhysicalMemory="15948"
	LogicalProcessorsPerPhysical="1"
	ProcessorClockFrequency="3193.92"
	>
	<Testing>
		<StartDateTime>Apr 05 20:31 CST</StartDateTime>
		<StartTestTime>1712320309</StartTestTime>
		<TestList/>
		<EndDateTime>Apr 05 20:31 CST</EndDateTime>
		<EndTestTime>1712320309</EndTestTime>
		<ElapsedMinutes>0</ElapsedMinutes>
	</Testing>
</Site>
